<?xml version="1.0" encoding="UTF-8"?>
<!-- Generated by org.testng.reporters.JUnitReportReporter -->
<testsuite skipped="0" hostname="NISB-TSS-P5243" name="test.test" tests="3" failures="0" timestamp="26 Apr 2019 22:03:35 GMT" time="0.016" errors="0">
  <testcase name="Test3" time="0.002" classname="test.test"/>
  <testcase name="Test1" time="0.013" classname="test.test"/>
  <testcase name="Test2" time="0.001" classname="test.test"/>
</testsuite> <!-- test.test -->
