<?xml version="1.0" encoding="UTF-8"?>
<!-- Generated by org.testng.reporters.JUnitReportReporter -->
<testsuite skipped="0" hostname="NISB-TSS-P5243" name="test.test" tests="3" failures="0" timestamp="26 Apr 2019 23:15:34 GMT" time="0.019" errors="0">
  <testcase name="Test3" time="0.002" classname="test.test"/>
  <testcase name="Test1" time="0.014" classname="test.test"/>
  <testcase name="Test2" time="0.003" classname="test.test"/>
</testsuite> <!-- test.test -->
