<?xml version="1.0" encoding="UTF-8"?>
<!-- Generated by org.testng.reporters.JUnitReportReporter -->
<testsuite skipped="0" hostname="NISB-TSS-P5243" name="myMavenproject.firstTest" tests="1" failures="0" timestamp="01 May 2019 08:11:20 GMT" time="0.012" errors="0">
  <testcase name="Test1" time="0.012" classname="myMavenproject.firstTest"/>
</testsuite> <!-- myMavenproject.firstTest -->
