<?xml version="1.0" encoding="UTF-8"?>
<!-- Generated by org.testng.reporters.JUnitReportReporter -->
<testsuite skipped="0" hostname="NISB-TSS-P5243" name="test" tests="1" failures="0" timestamp="27 Apr 2019 22:03:02 GMT" time="0.010" errors="0">
  <testcase name="Test1" time="0.010" classname="test"/>
</testsuite> <!-- test -->
